<?xml version="1.0" encoding="UTF-8"?>
<!-- Generated by org.testng.reporters.JUnitXMLReporter -->
<testsuite hostname="SOMAIAH" ignored="0" name="Admin Tests" tests="11" failures="3" timestamp="24 Feb 2021 06:52:54 GMT" time="3.655" errors="0">
  <testcase name="@AfterClass tearDown" time="0.001" classname="com.qa.base.TestBase">
    <failure type="java.lang.NullPointerException">
      <![CDATA[java.lang.NullPointerException
at com.qa.base.TestBase.tearDown(TestBase.java:62)
... Removed 26 stack frames]]>
    </failure>
  </testcase> <!-- @AfterClass tearDown -->
  <testcase name="@AfterClass tearDown" time="0.0" classname="com.qa.base.TestBase">
    <failure type="java.lang.NullPointerException">
      <![CDATA[java.lang.NullPointerException
at com.qa.base.TestBase.tearDown(TestBase.java:62)
... Removed 26 stack frames]]>
    </failure>
  </testcase> <!-- @AfterClass tearDown -->
  <testcase name="@AfterClass tearDown" time="0.002" classname="com.qa.base.TestBase">
    <failure type="java.lang.NullPointerException">
      <![CDATA[java.lang.NullPointerException
at com.qa.base.TestBase.tearDown(TestBase.java:62)
... Removed 26 stack frames]]>
    </failure>
  </testcase> <!-- @AfterClass tearDown -->
  <testcase name="createAccountExample1" time="0.278" classname="com.qa.test.CreateAccountTest"/>
  <testcase name="createAccountExample2" time="0.004" classname="com.qa.test.CreateAccountTest"/>
  <testcase name="verifyCreateAnAccountPage" time="0.02" classname="com.qa.test.CreateAccountTest">
    <failure type="java.lang.NullPointerException">
      <![CDATA[java.lang.NullPointerException
at com.qa.pages.BasePage.clickSignInBtn(BasePage.java:17)
at com.qa.test.CreateAccountTest.verifyCreateAnAccountPage(CreateAccountTest.java:28)
... Removed 25 stack frames]]>
    </failure>
  </testcase> <!-- verifyCreateAnAccountPage -->
  <testcase name="SignInPageTestOne" time="0.002" classname="com.qa.test.SignInPageTest"/>
  <testcase name="SignInPageTestThree" time="0.003" classname="com.qa.test.SignInPageTest"/>
  <testcase name="SignInPageTestTwo" time="0.008" classname="com.qa.test.SignInPageTest"/>
  <testcase name="verifySignInFunction" time="0.013" classname="com.qa.test.SignInPageTest">
    <failure type="java.lang.NullPointerException">
      <![CDATA[java.lang.NullPointerException
at com.qa.pages.BasePage.clickSignInBtn(BasePage.java:17)
at com.qa.test.SignInPageTest.verifySignInFunction(SignInPageTest.java:27)
... Removed 25 stack frames]]>
    </failure>
  </testcase> <!-- verifySignInFunction -->
  <testcase name="baseTest1" time="0.003" classname="com.qa.test.BasePageTest"/>
  <testcase name="baseTest2" time="3.003" classname="com.qa.test.BasePageTest"/>
  <testcase name="baseTest3" time="0.004" classname="com.qa.test.BasePageTest"/>
  <testcase name="verifyHomePage" time="0.005" classname="com.qa.test.BasePageTest">
    <failure type="java.lang.NullPointerException">
      <![CDATA[java.lang.NullPointerException
at com.qa.pages.BasePage.getPageTitle(BasePage.java:31)
at com.qa.pages.BasePage.verifyBasePageTitle(BasePage.java:37)
at com.qa.test.BasePageTest.verifyHomePage(BasePageTest.java:25)
... Removed 25 stack frames]]>
    </failure>
  </testcase> <!-- verifyHomePage -->
</testsuite> <!-- Admin Tests -->
