<?xml version="1.0" encoding="UTF-8"?>
<!-- Generated by org.testng.reporters.JUnitXMLReporter -->
<testsuite hostname="SOMAIAH" ignored="0" name="Test" tests="5" failures="5" timestamp="2021-02-25T10:54:20 IST" time="4.067" errors="0">
  <testcase name="@AfterClass tearDown" time="0.001" classname="com.pom.base.TestBase">
    <failure type="java.lang.NullPointerException">
      <![CDATA[java.lang.NullPointerException
at com.pom.base.TestBase.tearDown(TestBase.java:62)
at java.util.ArrayList.forEach(Unknown Source)
... Removed 25 stack frames]]>
    </failure>
  </testcase> <!-- @AfterClass tearDown -->
  <testcase name="@AfterClass tearDown" time="0.006" classname="com.pom.base.TestBase">
    <failure type="java.lang.NullPointerException">
      <![CDATA[java.lang.NullPointerException
at com.pom.base.TestBase.tearDown(TestBase.java:62)
at java.util.ArrayList.forEach(Unknown Source)
... Removed 25 stack frames]]>
    </failure>
  </testcase> <!-- @AfterClass tearDown -->
  <testcase name="@AfterClass tearDown" time="0.001" classname="com.pom.base.TestBase">
    <failure type="java.lang.NullPointerException">
      <![CDATA[java.lang.NullPointerException
at com.pom.base.TestBase.tearDown(TestBase.java:62)
at java.util.ArrayList.forEach(Unknown Source)
... Removed 25 stack frames]]>
    </failure>
  </testcase> <!-- @AfterClass tearDown -->
  <testcase name="@AfterClass tearDown" time="0.0" classname="com.pom.base.TestBase">
    <failure type="java.lang.NullPointerException">
      <![CDATA[java.lang.NullPointerException
at com.pom.base.TestBase.tearDown(TestBase.java:62)
at java.util.ArrayList.forEach(Unknown Source)
... Removed 25 stack frames]]>
    </failure>
  </testcase> <!-- @AfterClass tearDown -->
  <testcase name="@AfterClass tearDown" time="0.0" classname="com.pom.base.TestBase">
    <failure type="java.lang.NullPointerException">
      <![CDATA[java.lang.NullPointerException
at com.pom.base.TestBase.tearDown(TestBase.java:62)
at java.util.ArrayList.forEach(Unknown Source)
... Removed 25 stack frames]]>
    </failure>
  </testcase> <!-- @AfterClass tearDown -->
  <testcase name="testBillingPage_provideAddress_SetAllRequiredFields" time="0.306" classname="com.pom.test.BillingPageTest">
    <failure type="java.lang.NullPointerException">
      <![CDATA[java.lang.NullPointerException
at com.pom.test.BillingPageTest.testBillingPage_provideAddress_SetAllRequiredFields(BillingPageTest.java:25)
at java.util.ArrayList.forEach(Unknown Source)
... Removed 27 stack frames]]>
    </failure>
  </testcase> <!-- testBillingPage_provideAddress_SetAllRequiredFields -->
  <testcase name="testHomePage_enterTextInSearch_displayProducts" time="0.044" classname="com.pom.test.HomePageTest">
    <failure type="java.lang.NullPointerException">
      <![CDATA[java.lang.NullPointerException
at java.util.Objects.requireNonNull(Unknown Source)
at org.openqa.selenium.interactions.Actions.<init>(Actions.java:65)
at com.pom.pages.HomePage.searchproducts(HomePage.java:37)
at com.pom.test.HomePageTest.testHomePage_enterTextInSearch_displayProducts(HomePageTest.java:20)
at java.util.ArrayList.forEach(Unknown Source)
... Removed 27 stack frames]]>
    </failure>
  </testcase> <!-- testHomePage_enterTextInSearch_displayProducts -->
  <testcase name="testCartPage_clickOnRequired_itemsAddedtoCart" time="0.018" classname="com.pom.test.CartPageTest">
    <failure type="java.lang.NullPointerException">
      <![CDATA[java.lang.NullPointerException
at org.openqa.selenium.support.pagefactory.DefaultElementLocator.findElement(DefaultElementLocator.java:69)
at org.openqa.selenium.support.pagefactory.internal.LocatingElementHandler.invoke(LocatingElementHandler.java:38)
at com.sun.proxy.$Proxy10.click(Unknown Source)
at com.pom.pages.CartPage.setcolourBy(CartPage.java:27)
at com.pom.test.CartPageTest.testCartPage_clickOnRequired_itemsAddedtoCart(CartPageTest.java:22)
at java.util.ArrayList.forEach(Unknown Source)
... Removed 27 stack frames]]>
    </failure>
  </testcase> <!-- testCartPage_clickOnRequired_itemsAddedtoCart -->
  <testcase name="testOrderConfirmationpage_sucessmessageshoulddisplay" time="0.017" classname="com.pom.test.OrderonfirmationPageTest">
    <failure type="java.lang.NullPointerException">
      <![CDATA[java.lang.NullPointerException
at org.openqa.selenium.support.pagefactory.DefaultElementLocator.findElement(DefaultElementLocator.java:69)
at org.openqa.selenium.support.pagefactory.internal.LocatingElementHandler.invoke(LocatingElementHandler.java:38)
at com.sun.proxy.$Proxy10.getText(Unknown Source)
at com.pom.pages.OrderConfirmationpage.checkOutTitle(OrderConfirmationpage.java:19)
at com.pom.test.OrderonfirmationPageTest.testOrderConfirmationpage_sucessmessageshoulddisplay(OrderonfirmationPageTest.java:23)
at java.util.ArrayList.forEach(Unknown Source)
... Removed 27 stack frames]]>
    </failure>
  </testcase> <!-- testOrderConfirmationpage_sucessmessageshoulddisplay -->
  <testcase name="testProductPage_displayProducts_clickonProduct" time="3.022" classname="com.pom.test.ProductPageTest">
    <failure type="java.lang.NullPointerException">
      <![CDATA[java.lang.NullPointerException
at org.openqa.selenium.support.pagefactory.DefaultElementLocator.findElement(DefaultElementLocator.java:69)
at org.openqa.selenium.support.pagefactory.internal.LocatingElementHandler.invoke(LocatingElementHandler.java:38)
at com.sun.proxy.$Proxy10.click(Unknown Source)
at com.pom.pages.ProductPage.selectproduct(ProductPage.java:32)
at com.pom.test.ProductPageTest.testProductPage_displayProducts_clickonProduct(ProductPageTest.java:24)
at java.util.ArrayList.forEach(Unknown Source)
... Removed 27 stack frames]]>
    </failure>
  </testcase> <!-- testProductPage_displayProducts_clickonProduct -->
</testsuite> <!-- Test -->
